--$START  c:\Users\brymul\aacode\vscode-language-iRite\.vscode/tasks.json
// Available variables which can be used inside of strings.
// ${workspaceRoot}: the root folder of the team
// ${file}: the current opened file
// ${fileBasename}: the current opened file's basename
// ${fileDirname}: the current opened file's dirname
// ${fileExtname}: the current opened file's extension
// ${cwd}: the current working directory of the spawned process
{
    "version": "0.1.0",
    "command": "C:/Program Files (x86)/Rice Lake Weighing Systems/Revolution/iRite Editor/iRite_preprocessor.exe",
    "args": ["${fileDirname}/${fileBasename}"],
    "isShellCommand": false,
    "isBuildCommand": true,
    "showOutput": "always",
    "problemMatcher": {
        "owner": "cpp",
        "fileLocation": ["relative", "${workspaceRoot}"],
        "pattern": {
                    "regexp": "((([A-Za-z]):\\\\(?:[^\\/:*?\\\"<>|\\r\\n]+\\\\)*)?[^\\/\\s\\(:*?\\\"<>|\\r\\n]*)\\((\\d+)\\):\\s.*(fatal|error|warning|hint)\\s(.*):\\s(.*)",
                    "file": 1, 
                    "line": 4,
                    "severity": 5,
                    "code": 6,
                    "message": 7
                }
    }
}
--$END  c:\Users\brymul\aacode\vscode-language-iRite\.vscode/tasks.json
